0 info it worked if it ends with ok
1 verbose cli [ 'node',
1 verbose cli   'C:\\Users\\omar.a.lara.gonzalez\\AppData\\Roaming\\npm\\node_modules\\npm\\bin\\npm-cli.js',
1 verbose cli   'run',
1 verbose cli   'startDev}' ]
2 info using npm@2.12.1
3 info using node@v0.12.0
4 verbose stack Error: missing script: startDev}
4 verbose stack     at run (C:\Users\omar.a.lara.gonzalez\AppData\Roaming\npm\node_modules\npm\lib\run-script.js:142:19)
4 verbose stack     at C:\Users\omar.a.lara.gonzalez\AppData\Roaming\npm\node_modules\npm\lib\run-script.js:58:5
4 verbose stack     at C:\Users\omar.a.lara.gonzalez\AppData\Roaming\npm\node_modules\npm\node_modules\read-package-json\read-json.js:345:5
4 verbose stack     at checkBinReferences_ (C:\Users\omar.a.lara.gonzalez\AppData\Roaming\npm\node_modules\npm\node_modules\read-package-json\read-json.js:309:45)
4 verbose stack     at final (C:\Users\omar.a.lara.gonzalez\AppData\Roaming\npm\node_modules\npm\node_modules\read-package-json\read-json.js:343:3)
4 verbose stack     at then (C:\Users\omar.a.lara.gonzalez\AppData\Roaming\npm\node_modules\npm\node_modules\read-package-json\read-json.js:113:5)
4 verbose stack     at C:\Users\omar.a.lara.gonzalez\AppData\Roaming\npm\node_modules\npm\node_modules\read-package-json\read-json.js:300:12
4 verbose stack     at evalmachine.<anonymous>:336:14
4 verbose stack     at C:\Users\omar.a.lara.gonzalez\AppData\Roaming\npm\node_modules\npm\node_modules\graceful-fs\graceful-fs.js:102:5
4 verbose stack     at FSReqWrap.oncomplete (evalmachine.<anonymous>:99:15)
5 verbose cwd C:\Enbridge
6 error Windows_NT 6.3.9600
7 error argv "node" "C:\\Users\\omar.a.lara.gonzalez\\AppData\\Roaming\\npm\\node_modules\\npm\\bin\\npm-cli.js" "run" "startDev}"
8 error node v0.12.0
9 error npm  v2.12.1
10 error missing script: startDev}
11 error If you need help, you may report this error at:
11 error     <https://github.com/npm/npm/issues>
12 verbose exit [ 1, true ]
